C:\Users\bgiraldo\Desktop\AngularMigrationProj\IdentityProject\IdentityProject\Client\dist\out-tsc\src\app\app-routing.module.js
C:\Users\bgiraldo\Desktop\AngularMigrationProj\IdentityProject\IdentityProject\Client\dist\out-tsc\src\app\app-routing.module.js.map
C:\Users\bgiraldo\Desktop\AngularMigrationProj\IdentityProject\IdentityProject\Client\dist\out-tsc\src\models\Product.js
C:\Users\bgiraldo\Desktop\AngularMigrationProj\IdentityProject\IdentityProject\Client\dist\out-tsc\src\models\Product.js.map
C:\Users\bgiraldo\Desktop\AngularMigrationProj\IdentityProject\IdentityProject\Client\dist\out-tsc\src\models\Token.js
C:\Users\bgiraldo\Desktop\AngularMigrationProj\IdentityProject\IdentityProject\Client\dist\out-tsc\src\models\Token.js.map
C:\Users\bgiraldo\Desktop\AngularMigrationProj\IdentityProject\IdentityProject\Client\dist\out-tsc\src\app\product.service.js
C:\Users\bgiraldo\Desktop\AngularMigrationProj\IdentityProject\IdentityProject\Client\dist\out-tsc\src\app\product.service.js.map
C:\Users\bgiraldo\Desktop\AngularMigrationProj\IdentityProject\IdentityProject\Client\dist\out-tsc\src\app\app.component.js
C:\Users\bgiraldo\Desktop\AngularMigrationProj\IdentityProject\IdentityProject\Client\dist\out-tsc\src\app\app.component.js.map
C:\Users\bgiraldo\Desktop\AngularMigrationProj\IdentityProject\IdentityProject\Client\dist\out-tsc\src\app\app.module.js
C:\Users\bgiraldo\Desktop\AngularMigrationProj\IdentityProject\IdentityProject\Client\dist\out-tsc\src\app\app.module.js.map
C:\Users\bgiraldo\Desktop\AngularMigrationProj\IdentityProject\IdentityProject\Client\dist\out-tsc\src\environments\environment.js
C:\Users\bgiraldo\Desktop\AngularMigrationProj\IdentityProject\IdentityProject\Client\dist\out-tsc\src\environments\environment.js.map
C:\Users\bgiraldo\Desktop\AngularMigrationProj\IdentityProject\IdentityProject\Client\dist\out-tsc\src\main.js
C:\Users\bgiraldo\Desktop\AngularMigrationProj\IdentityProject\IdentityProject\Client\dist\out-tsc\src\main.js.map
C:\Users\bgiraldo\Desktop\AngularMigrationProj\IdentityProject\IdentityProject\Client\dist\out-tsc\src\polyfills.js
C:\Users\bgiraldo\Desktop\AngularMigrationProj\IdentityProject\IdentityProject\Client\dist\out-tsc\src\polyfills.js.map
C:\Users\bgiraldo\Desktop\AngularMigrationProj\IdentityProject\IdentityProject\Client\dist\out-tsc\src\test.js
C:\Users\bgiraldo\Desktop\AngularMigrationProj\IdentityProject\IdentityProject\Client\dist\out-tsc\src\test.js.map
C:\Users\bgiraldo\Desktop\AngularMigrationProj\IdentityProject\IdentityProject\Client\dist\out-tsc\e2e\src\app.po.js
C:\Users\bgiraldo\Desktop\AngularMigrationProj\IdentityProject\IdentityProject\Client\dist\out-tsc\e2e\src\app.po.js.map
C:\Users\bgiraldo\Desktop\AngularMigrationProj\IdentityProject\IdentityProject\Client\dist\out-tsc\e2e\src\app.e2e-spec.js
C:\Users\bgiraldo\Desktop\AngularMigrationProj\IdentityProject\IdentityProject\Client\dist\out-tsc\e2e\src\app.e2e-spec.js.map
C:\Users\bgiraldo\Desktop\AngularMigrationProj\IdentityProject\IdentityProject\Client\dist\out-tsc\src\environments\environment.prod.js
C:\Users\bgiraldo\Desktop\AngularMigrationProj\IdentityProject\IdentityProject\Client\dist\out-tsc\src\environments\environment.prod.js.map
